Using pre-set license
Built from '2021.3/staging' branch; Version is '2021.3.22f1 (b6c551784ba3) revision 11978065'; Using compiler version '192829333'; Build Type 'Release'
OS: 'Windows 11  (10.0.22621) 64bit CoreSingleLanguage' Language: 'en' Physical Memory: 32531 MB
BatchMode: 1, IsHumanControllingUs: 0, StartBugReporterOnCrash: 0, Is64bit: 1, IsPro: 1

COMMAND LINE ARGUMENTS:
C:\Program Files\Unity\Hub\Editor\2021.3.22f1\Editor\Unity.exe
-adb2
-batchMode
-noUpm
-name
AssetImportWorker0
-projectPath
D:/UnitySchoolGames/IbarrasQuest
-logFile
Logs/AssetImportWorker0.log
-srvPort
61571
Successfully changed project path to: D:/UnitySchoolGames/IbarrasQuest
D:/UnitySchoolGames/IbarrasQuest
[UnityMemory] Configuration Parameters - Can be set up in boot.config
    "memorysetup-bucket-allocator-granularity=16"
    "memorysetup-bucket-allocator-bucket-count=8"
    "memorysetup-bucket-allocator-block-size=33554432"
    "memorysetup-bucket-allocator-block-count=8"
    "memorysetup-main-allocator-block-size=16777216"
    "memorysetup-thread-allocator-block-size=16777216"
    "memorysetup-gfx-main-allocator-block-size=16777216"
    "memorysetup-gfx-thread-allocator-block-size=16777216"
    "memorysetup-cache-allocator-block-size=4194304"
    "memorysetup-typetree-allocator-block-size=2097152"
    "memorysetup-profiler-bucket-allocator-granularity=16"
    "memorysetup-profiler-bucket-allocator-bucket-count=8"
    "memorysetup-profiler-bucket-allocator-block-size=33554432"
    "memorysetup-profiler-bucket-allocator-block-count=8"
    "memorysetup-profiler-allocator-block-size=16777216"
    "memorysetup-profiler-editor-allocator-block-size=1048576"
    "memorysetup-temp-allocator-size-main=16777216"
    "memorysetup-job-temp-allocator-block-size=2097152"
    "memorysetup-job-temp-allocator-block-size-background=1048576"
    "memorysetup-job-temp-allocator-reduction-small-platforms=262144"
    "memorysetup-temp-allocator-size-background-worker=32768"
    "memorysetup-temp-allocator-size-job-worker=262144"
    "memorysetup-temp-allocator-size-preload-manager=33554432"
    "memorysetup-temp-allocator-size-nav-mesh-worker=65536"
    "memorysetup-temp-allocator-size-audio-worker=65536"
    "memorysetup-temp-allocator-size-cloud-worker=32768"
    "memorysetup-temp-allocator-size-gi-baking-worker=262144"
    "memorysetup-temp-allocator-size-gfx=262144"
Player connection [10716] Host "[IP] 192.168.254.130 [Port] 0 [Flags] 2 [Guid] 2374818193 [EditorId] 2374818193 [Version] 1048832 [Id] WindowsEditor(7,LAPTOP-FJ2G8F9M) [Debug] 1 [PackageName] WindowsEditor [ProjectName] Editor" joined multi-casting on [225.0.0.222:54997]...

Player connection [10716] Host "[IP] 192.168.254.130 [Port] 0 [Flags] 2 [Guid] 2374818193 [EditorId] 2374818193 [Version] 1048832 [Id] WindowsEditor(7,LAPTOP-FJ2G8F9M) [Debug] 1 [PackageName] WindowsEditor [ProjectName] Editor" joined alternative multi-casting on [225.0.0.222:34997]...

Refreshing native plugins compatible for Editor in 169.68 ms, found 4 plugins.
Preloading 0 native plugins for Editor in 0.00 ms.
Initialize engine version: 2021.3.22f1 (b6c551784ba3)
[Subsystems] Discovering subsystems at path C:/Program Files/Unity/Hub/Editor/2021.3.22f1/Editor/Data/Resources/UnitySubsystems
[Subsystems] Discovering subsystems at path D:/UnitySchoolGames/IbarrasQuest/Assets
GfxDevice: creating device client; threaded=0; jobified=0
Direct3D:
    Version:  Direct3D 11.0 [level 11.1]
    Renderer: NVIDIA GeForce RTX 3060 Laptop GPU (ID=0x2520)
    Vendor:   NVIDIA
    VRAM:     6009 MB
    Driver:   31.0.15.3141
Initialize mono
Mono path[0] = 'C:/Program Files/Unity/Hub/Editor/2021.3.22f1/Editor/Data/Managed'
Mono path[1] = 'C:/Program Files/Unity/Hub/Editor/2021.3.22f1/Editor/Data/MonoBleedingEdge/lib/mono/unityjit-win32'
Mono config path = 'C:/Program Files/Unity/Hub/Editor/2021.3.22f1/Editor/Data/MonoBleedingEdge/etc'
Using monoOptions --debugger-agent=transport=dt_socket,embedding=1,server=y,suspend=n,address=127.0.0.1:56012
Begin MonoManager ReloadAssembly
Registering precompiled unity dll's ...
Register platform support module: C:/Program Files/Unity/Hub/Editor/2021.3.22f1/Editor/Data/PlaybackEngines/AndroidPlayer/UnityEditor.Android.Extensions.dll
Register platform support module: C:/Program Files/Unity/Hub/Editor/2021.3.22f1/Editor/Data/PlaybackEngines/WindowsStandaloneSupport/UnityEditor.WindowsStandalone.Extensions.dll
Registered in 0.008165 seconds.
Native extension for WindowsStandalone target not found
Native extension for Android target not found
Android Extension - Scanning For ADB Devices 536 ms
Refreshing native plugins compatible for Editor in 163.60 ms, found 4 plugins.
Preloading 0 native plugins for Editor in 0.00 ms.
Mono: successfully reloaded assembly
- Completed reload, in  1.693 seconds
Domain Reload Profiling:
	ReloadAssembly (1694ms)
		BeginReloadAssembly (132ms)
			ExecutionOrderSort (0ms)
			DisableScriptedObjects (0ms)
			BackupInstance (0ms)
			ReleaseScriptingObjects (0ms)
			CreateAndSetChildDomain (1ms)
		EndReloadAssembly (1432ms)
			LoadAssemblies (130ms)
			RebuildTransferFunctionScriptingTraits (0ms)
			SetupTypeCache (201ms)
			ReleaseScriptCaches (0ms)
			RebuildScriptCaches (68ms)
			SetupLoadedEditorAssemblies (1056ms)
				LogAssemblyErrors (0ms)
				InitializePlatformSupportModulesInManaged (657ms)
				SetLoadedEditorAssemblies (0ms)
				RefreshPlugins (164ms)
				BeforeProcessingInitializeOnLoad (3ms)
				ProcessInitializeOnLoadAttributes (163ms)
				ProcessInitializeOnLoadMethodAttributes (70ms)
				AfterProcessingInitializeOnLoad (0ms)
				EditorAssembliesLoaded (0ms)
			ExecutionOrderSort2 (0ms)
			AwakeInstancesAfterBackupRestoration (0ms)
Platform modules already initialized, skipping
Registering precompiled user dll's ...
Registered in 0.008160 seconds.
Begin MonoManager ReloadAssembly
Symbol file LoadedFromMemory doesn't match image D:\UnitySchoolGames\IbarrasQuest\Library\PackageCache\com.unity.visualscripting@1.8.0\Editor\VisualScripting.Core\Dependencies\YamlDotNet\Unity.VisualScripting.YamlDotNet.dll
Symbol file LoadedFromMemory doesn't match image D:\UnitySchoolGames\IbarrasQuest\Library\PackageCache\com.unity.visualscripting@1.8.0\Editor\VisualScripting.Core\Dependencies\DotNetZip\Unity.VisualScripting.IonicZip.dll
Native extension for WindowsStandalone target not found
Native extension for Android target not found
Refreshing native plugins compatible for Editor in 158.37 ms, found 4 plugins.
Preloading 0 native plugins for Editor in 0.00 ms.
Mono: successfully reloaded assembly
- Completed reload, in  2.076 seconds
Domain Reload Profiling:
	ReloadAssembly (2078ms)
		BeginReloadAssembly (216ms)
			ExecutionOrderSort (0ms)
			DisableScriptedObjects (10ms)
			BackupInstance (0ms)
			ReleaseScriptingObjects (0ms)
			CreateAndSetChildDomain (39ms)
		EndReloadAssembly (1690ms)
			LoadAssemblies (184ms)
			RebuildTransferFunctionScriptingTraits (0ms)
			SetupTypeCache (414ms)
			ReleaseScriptCaches (1ms)
			RebuildScriptCaches (121ms)
			SetupLoadedEditorAssemblies (909ms)
				LogAssemblyErrors (0ms)
				InitializePlatformSupportModulesInManaged (24ms)
				SetLoadedEditorAssemblies (0ms)
				RefreshPlugins (159ms)
				BeforeProcessingInitializeOnLoad (209ms)
				ProcessInitializeOnLoadAttributes (424ms)
				ProcessInitializeOnLoadMethodAttributes (81ms)
				AfterProcessingInitializeOnLoad (13ms)
				EditorAssembliesLoaded (0ms)
			ExecutionOrderSort2 (0ms)
			AwakeInstancesAfterBackupRestoration (11ms)
Platform modules already initialized, skipping
========================================================================
Worker process is ready to serve import requests
Launched and connected shader compiler UnityShaderCompiler.exe after 0.13 seconds
Refreshing native plugins compatible for Editor in 1.90 ms, found 4 plugins.
Preloading 0 native plugins for Editor in 0.00 ms.
Unloading 3787 Unused Serialized files (Serialized files now loaded: 0)
Unloading 41 unused Assets / (228.8 KB). Loaded Objects now: 4244.
Memory consumption went from 146.3 MB to 146.0 MB.
Total: 6.900200 ms (FindLiveObjects: 0.482300 ms CreateObjectMapping: 0.272600 ms MarkObjects: 5.830700 ms  DeleteObjects: 0.312400 ms)

AssetImportParameters requested are different than current active one (requested -> active):
  custom:video-decoder-ogg-theora: a1e56fd34408186e4bbccfd4996cb3dc -> 
  custom:container-muxer-webm: aa71ff27fc2769a1b78a27578f13a17b -> 
  custom:container-demuxer-webm: 4f35f7cbe854078d1ac9338744f61a02 -> 
  custom:video-encoder-webm-vp8: eb34c28f22e8b96e1ab97ce403110664 -> 
  custom:audio-encoder-webm-vorbis: bf7c407c2cedff20999df2af8eb42d56 -> 
  custom:framework-win-MediaFoundation: 216162199b28c13a410421893ffa2e32 -> 
  custom:container-demuxer-ogg: 62fdf1f143b41e24485cea50d1cbac27 -> 
  custom:video-decoder-webm-vp8: 9c59270c3fd7afecdb556c50c9e8de78 -> 
  custom:audio-decoder-ogg-vorbis: bf7c407c2cedff20999df2af8eb42d56 -> 
========================================================================
Received Import Request.
  Time since last request: 615790.619447 seconds.
  path: Assets/Art Assets
  artifactKey: Guid(de6cce9f6ec93f2438626f8487bc65d0) Importer(815301076,1909f56bfc062723c751e8b465ee728b)
Start importing Assets/Art Assets using Guid(de6cce9f6ec93f2438626f8487bc65d0) Importer(815301076,1909f56bfc062723c751e8b465ee728b)  -> (artifact id: 'caea0d00639d5b3e658e7fdc490df818') in 0.023734 seconds 
========================================================================
Received Import Request.
  Time since last request: 2433.202297 seconds.
  path: Assets/Art Assets/1.png
  artifactKey: Guid(6e1cb6135a0d7a14aaba8a7a1004eada) Importer(815301076,1909f56bfc062723c751e8b465ee728b)
Start importing Assets/Art Assets/1.png using Guid(6e1cb6135a0d7a14aaba8a7a1004eada) Importer(815301076,1909f56bfc062723c751e8b465ee728b)  -> (artifact id: '320cd870ca1fcf1acd29d4197ac1db3c') in 0.245608 seconds 
========================================================================
Received Import Request.
  Time since last request: 6.981656 seconds.
  path: Assets/Art Assets/Ground.png
  artifactKey: Guid(6e1cb6135a0d7a14aaba8a7a1004eada) Importer(815301076,1909f56bfc062723c751e8b465ee728b)
Start importing Assets/Art Assets/Ground.png using Guid(6e1cb6135a0d7a14aaba8a7a1004eada) Importer(815301076,1909f56bfc062723c751e8b465ee728b)  -> (artifact id: '7bb1b72107bf5ce88f064a396ab4b039') in 0.048746 seconds 
========================================================================
Received Import Request.
  Time since last request: 14.503613 seconds.
  path: Assets/Art Assets/Ground.png
  artifactKey: Guid(6e1cb6135a0d7a14aaba8a7a1004eada) Importer(815301076,1909f56bfc062723c751e8b465ee728b)
Start importing Assets/Art Assets/Ground.png using Guid(6e1cb6135a0d7a14aaba8a7a1004eada) Importer(815301076,1909f56bfc062723c751e8b465ee728b)  -> (artifact id: '95c6966c9709a405e79938c7c4a5f390') in 0.025411 seconds 
========================================================================
Received Import Request.
  Time since last request: 17.792050 seconds.
  path: Assets/Art Assets/Ground.png
  artifactKey: Guid(6e1cb6135a0d7a14aaba8a7a1004eada) Importer(815301076,1909f56bfc062723c751e8b465ee728b)
Start importing Assets/Art Assets/Ground.png using Guid(6e1cb6135a0d7a14aaba8a7a1004eada) Importer(815301076,1909f56bfc062723c751e8b465ee728b)  -> (artifact id: '101966450125c9aed905685246595226') in 0.931093 seconds 
========================================================================
Received Import Request.
  Time since last request: 107.041450 seconds.
  path: Assets/Art Assets/Ground/Ground(Art).prefab
  artifactKey: Guid(eff7a053362575c4488f6a30d800760b) Importer(815301076,1909f56bfc062723c751e8b465ee728b)
Start importing Assets/Art Assets/Ground/Ground(Art).prefab using Guid(eff7a053362575c4488f6a30d800760b) Importer(815301076,1909f56bfc062723c751e8b465ee728b)  -> (artifact id: 'e0587bea9938ef23e42389b6de70bde2') in 0.372805 seconds 
========================================================================
Received Import Request.
  Time since last request: 0.000057 seconds.
  path: Assets/Art Assets/Ground/Ground_50.asset
  artifactKey: Guid(813cb65fd8065db47bbdeafc4cc30d8e) Importer(815301076,1909f56bfc062723c751e8b465ee728b)
Start importing Assets/Art Assets/Ground/Ground_50.asset using Guid(813cb65fd8065db47bbdeafc4cc30d8e) Importer(815301076,1909f56bfc062723c751e8b465ee728b)  -> (artifact id: 'ed01bf06143da1bccffcdbfed18e4962') in 0.050216 seconds 
========================================================================
Received Import Request.
  Time since last request: 0.000061 seconds.
  path: Assets/Art Assets/Ground/Ground_10.asset
  artifactKey: Guid(2178b393203566d4fb5cc21c1da442d8) Importer(815301076,1909f56bfc062723c751e8b465ee728b)
Start importing Assets/Art Assets/Ground/Ground_10.asset using Guid(2178b393203566d4fb5cc21c1da442d8) Importer(815301076,1909f56bfc062723c751e8b465ee728b)  -> (artifact id: 'cd9060106b95b1bed3a4c93a6e877570') in 0.027051 seconds 
========================================================================
Received Import Request.
  Time since last request: 0.000046 seconds.
  path: Assets/Art Assets/Ground/Ground_30.asset
  artifactKey: Guid(4536554cb36ae3648bf3a374d16c054d) Importer(815301076,1909f56bfc062723c751e8b465ee728b)
Start importing Assets/Art Assets/Ground/Ground_30.asset using Guid(4536554cb36ae3648bf3a374d16c054d) Importer(815301076,1909f56bfc062723c751e8b465ee728b)  -> (artifact id: '288a12e8df3de63b00486c235587e1e3') in 0.023149 seconds 
========================================================================
Received Import Request.
  Time since last request: 0.000029 seconds.
  path: Assets/Art Assets/Ground/Ground_53.asset
  artifactKey: Guid(7a0a4c0249a4d17439821458a1d4a09f) Importer(815301076,1909f56bfc062723c751e8b465ee728b)
Start importing Assets/Art Assets/Ground/Ground_53.asset using Guid(7a0a4c0249a4d17439821458a1d4a09f) Importer(815301076,1909f56bfc062723c751e8b465ee728b)  -> (artifact id: 'c61d668c14f3f475ae117ddf1d61fd81') in 0.025197 seconds 
========================================================================
Received Import Request.
  Time since last request: 0.000030 seconds.
  path: Assets/Art Assets/Ground/Ground_12.asset
  artifactKey: Guid(fe77e8e84b0916e45aa37bc939a99bd8) Importer(815301076,1909f56bfc062723c751e8b465ee728b)
Start importing Assets/Art Assets/Ground/Ground_12.asset using Guid(fe77e8e84b0916e45aa37bc939a99bd8) Importer(815301076,1909f56bfc062723c751e8b465ee728b)  -> (artifact id: 'c7034f1ceeb41cbaa35e707e8dee8b89') in 0.024372 seconds 
========================================================================
Received Import Request.
  Time since last request: 0.000042 seconds.
  path: Assets/Art Assets/Ground/Ground_19.asset
  artifactKey: Guid(61a47c528db73b341addac6908e9a407) Importer(815301076,1909f56bfc062723c751e8b465ee728b)
Start importing Assets/Art Assets/Ground/Ground_19.asset using Guid(61a47c528db73b341addac6908e9a407) Importer(815301076,1909f56bfc062723c751e8b465ee728b)  -> (artifact id: '40f4b0fdef677e36412492533140989e') in 0.023808 seconds 
========================================================================
Received Import Request.
  Time since last request: 0.000037 seconds.
  path: Assets/Art Assets/Ground/Ground_48.asset
  artifactKey: Guid(34ad516e7a7d92e46ad6f0466dd753d8) Importer(815301076,1909f56bfc062723c751e8b465ee728b)
Start importing Assets/Art Assets/Ground/Ground_48.asset using Guid(34ad516e7a7d92e46ad6f0466dd753d8) Importer(815301076,1909f56bfc062723c751e8b465ee728b)  -> (artifact id: 'caa237fc0655584538ef39ecf1f65409') in 0.023752 seconds 
========================================================================
Received Import Request.
  Time since last request: 0.000042 seconds.
  path: Assets/Art Assets/Ground/Ground_28.asset
  artifactKey: Guid(74db4f1775f3ff24990447bab1a77dfb) Importer(815301076,1909f56bfc062723c751e8b465ee728b)
Start importing Assets/Art Assets/Ground/Ground_28.asset using Guid(74db4f1775f3ff24990447bab1a77dfb) Importer(815301076,1909f56bfc062723c751e8b465ee728b)  -> (artifact id: '537caf6c043bafac52caeaf7edf926c3') in 0.029188 seconds 
========================================================================
Received Import Request.
  Time since last request: 0.000038 seconds.
  path: Assets/Art Assets/Ground/Ground_59.asset
  artifactKey: Guid(0aa68da3feee01e40b005e13212588a0) Importer(815301076,1909f56bfc062723c751e8b465ee728b)
Start importing Assets/Art Assets/Ground/Ground_59.asset using Guid(0aa68da3feee01e40b005e13212588a0) Importer(815301076,1909f56bfc062723c751e8b465ee728b)  -> (artifact id: '2e1748b7486ee819fd3622f225ebca1b') in 0.027356 seconds 
========================================================================
Received Import Request.
  Time since last request: 0.000057 seconds.
  path: Assets/Art Assets/Ground/Ground_22.asset
  artifactKey: Guid(c841423a31fdbd8469d1e94de9ee9f5c) Importer(815301076,1909f56bfc062723c751e8b465ee728b)
Start importing Assets/Art Assets/Ground/Ground_22.asset using Guid(c841423a31fdbd8469d1e94de9ee9f5c) Importer(815301076,1909f56bfc062723c751e8b465ee728b)  -> (artifact id: 'd76634b581dc9df4993b0721e906d1b7') in 0.023179 seconds 
========================================================================
Received Import Request.
  Time since last request: 0.000034 seconds.
  path: Assets/Art Assets/Ground/Ground_5.asset
  artifactKey: Guid(ffcaf6aad2bd6034995b5e01d26c885f) Importer(815301076,1909f56bfc062723c751e8b465ee728b)
Start importing Assets/Art Assets/Ground/Ground_5.asset using Guid(ffcaf6aad2bd6034995b5e01d26c885f) Importer(815301076,1909f56bfc062723c751e8b465ee728b)  -> (artifact id: 'f09832c9d836be15a3e1b090f1f8caae') in 0.026241 seconds 
========================================================================
Received Import Request.
  Time since last request: 0.000042 seconds.
  path: Assets/Art Assets/Ground/Ground_26.asset
  artifactKey: Guid(5ba6b83201325574e857183d3a184415) Importer(815301076,1909f56bfc062723c751e8b465ee728b)
Start importing Assets/Art Assets/Ground/Ground_26.asset using Guid(5ba6b83201325574e857183d3a184415) Importer(815301076,1909f56bfc062723c751e8b465ee728b)  -> (artifact id: 'aced483f5881699a8c7cdefa6d1799bd') in 0.023881 seconds 
========================================================================
Received Import Request.
  Time since last request: 0.000042 seconds.
  path: Assets/Art Assets/Ground/Ground_47.asset
  artifactKey: Guid(42db09192b596804fb187d7c1f715333) Importer(815301076,1909f56bfc062723c751e8b465ee728b)
Start importing Assets/Art Assets/Ground/Ground_47.asset using Guid(42db09192b596804fb187d7c1f715333) Importer(815301076,1909f56bfc062723c751e8b465ee728b)  -> (artifact id: '953fad4f873a11b413a8f4eea9edb46d') in 0.037708 seconds 
========================================================================
Received Import Request.
  Time since last request: 0.000039 seconds.
  path: Assets/Art Assets/Ground/Ground_56.asset
  artifactKey: Guid(1d6102a20f93b924399d22fc64ba2ecc) Importer(815301076,1909f56bfc062723c751e8b465ee728b)
Start importing Assets/Art Assets/Ground/Ground_56.asset using Guid(1d6102a20f93b924399d22fc64ba2ecc) Importer(815301076,1909f56bfc062723c751e8b465ee728b)  -> (artifact id: '2c72b2558e4158a9e4eeef99a57b6283') in 0.026981 seconds 
========================================================================
Received Import Request.
  Time since last request: 0.000057 seconds.
  path: Assets/Art Assets/Ground/Ground_25.asset
  artifactKey: Guid(487caba4b823bdb42b2493c574a5a8f9) Importer(815301076,1909f56bfc062723c751e8b465ee728b)
Start importing Assets/Art Assets/Ground/Ground_25.asset using Guid(487caba4b823bdb42b2493c574a5a8f9) Importer(815301076,1909f56bfc062723c751e8b465ee728b)  -> (artifact id: '68bd4aac29754cf139ca79b8cc42778c') in 0.026691 seconds 
========================================================================
Received Import Request.
  Time since last request: 0.000040 seconds.
  path: Assets/Art Assets/Ground/Ground_54.asset
  artifactKey: Guid(85ee55b64101a9749bc6da00e01488bf) Importer(815301076,1909f56bfc062723c751e8b465ee728b)
Start importing Assets/Art Assets/Ground/Ground_54.asset using Guid(85ee55b64101a9749bc6da00e01488bf) Importer(815301076,1909f56bfc062723c751e8b465ee728b)  -> (artifact id: '2708f2ecd1531c95ac96003501e4f580') in 0.023009 seconds 
========================================================================
Received Import Request.
  Time since last request: 0.000083 seconds.
  path: Assets/Art Assets/Ground/Ground_39.asset
  artifactKey: Guid(28678a945c308604c85b903ff752d290) Importer(815301076,1909f56bfc062723c751e8b465ee728b)
Start importing Assets/Art Assets/Ground/Ground_39.asset using Guid(28678a945c308604c85b903ff752d290) Importer(815301076,1909f56bfc062723c751e8b465ee728b)  -> (artifact id: '1343780bf877faa03937e509feb0a365') in 0.026365 seconds 
========================================================================
Received Import Request.
  Time since last request: 0.000065 seconds.
  path: Assets/Art Assets/Ground/Ground_3.asset
  artifactKey: Guid(b840fcef7fe57944c92e2f70e5515c8a) Importer(815301076,1909f56bfc062723c751e8b465ee728b)
Start importing Assets/Art Assets/Ground/Ground_3.asset using Guid(b840fcef7fe57944c92e2f70e5515c8a) Importer(815301076,1909f56bfc062723c751e8b465ee728b)  -> (artifact id: '1a3fa1d0c6a667e37276571b95c55fc9') in 0.025906 seconds 
========================================================================
Received Import Request.
  Time since last request: 0.000042 seconds.
  path: Assets/Art Assets/Ground/Ground_18.asset
  artifactKey: Guid(3d97d74a3de4dc5498b47f36d384ad5f) Importer(815301076,1909f56bfc062723c751e8b465ee728b)
Start importing Assets/Art Assets/Ground/Ground_18.asset using Guid(3d97d74a3de4dc5498b47f36d384ad5f) Importer(815301076,1909f56bfc062723c751e8b465ee728b)  -> (artifact id: '0bbeb90c9687ac12a1b620c9a4761209') in 0.023518 seconds 
========================================================================
Received Import Request.
  Time since last request: 0.000035 seconds.
  path: Assets/Art Assets/Ground/Ground_57.asset
  artifactKey: Guid(e102a1e2a410a2841b60053e6c75a732) Importer(815301076,1909f56bfc062723c751e8b465ee728b)
Start importing Assets/Art Assets/Ground/Ground_57.asset using Guid(e102a1e2a410a2841b60053e6c75a732) Importer(815301076,1909f56bfc062723c751e8b465ee728b)  -> (artifact id: '663c90348ff0ff7f7244f674a62c3770') in 0.024427 seconds 
========================================================================
Received Import Request.
  Time since last request: 0.000042 seconds.
  path: Assets/Art Assets/Ground/Ground_38.asset
  artifactKey: Guid(9ee8b748601799e4eb7a43efcc10f5a3) Importer(815301076,1909f56bfc062723c751e8b465ee728b)
Start importing Assets/Art Assets/Ground/Ground_38.asset using Guid(9ee8b748601799e4eb7a43efcc10f5a3) Importer(815301076,1909f56bfc062723c751e8b465ee728b)  -> (artifact id: 'bfc6b2ac3467be797b3f469737a0bb7b') in 0.025739 seconds 
========================================================================
Received Import Request.
  Time since last request: 0.000042 seconds.
  path: Assets/Art Assets/Ground/Ground_43.asset
  artifactKey: Guid(29e836df7c7cc10428cd7e141119c5f0) Importer(815301076,1909f56bfc062723c751e8b465ee728b)
Start importing Assets/Art Assets/Ground/Ground_43.asset using Guid(29e836df7c7cc10428cd7e141119c5f0) Importer(815301076,1909f56bfc062723c751e8b465ee728b)  -> (artifact id: 'df41072fb76703186b309a1f448d62c7') in 0.027396 seconds 
========================================================================
Received Import Request.
  Time since last request: 0.000045 seconds.
  path: Assets/Art Assets/Ground/Ground_45.asset
  artifactKey: Guid(fa2b15dba977285419076541a4c1c8f1) Importer(815301076,1909f56bfc062723c751e8b465ee728b)
Start importing Assets/Art Assets/Ground/Ground_45.asset using Guid(fa2b15dba977285419076541a4c1c8f1) Importer(815301076,1909f56bfc062723c751e8b465ee728b)  -> (artifact id: 'b729931b335d9ee584f4ea913fb4a2da') in 0.027570 seconds 
========================================================================
Received Import Request.
  Time since last request: 0.000048 seconds.
  path: Assets/Art Assets/Ground/Ground_40.asset
  artifactKey: Guid(a07042d9016e68043a83dbe1427465f4) Importer(815301076,1909f56bfc062723c751e8b465ee728b)
Start importing Assets/Art Assets/Ground/Ground_40.asset using Guid(a07042d9016e68043a83dbe1427465f4) Importer(815301076,1909f56bfc062723c751e8b465ee728b)  -> (artifact id: '95aef5026c9d8e054820903b6eb4e109') in 0.028627 seconds 
========================================================================
Received Import Request.
  Time since last request: 0.000071 seconds.
  path: Assets/Art Assets/Ground/Ground_16.asset
  artifactKey: Guid(0e8ca76d06cd9aa4bbfb6e98693d0f28) Importer(815301076,1909f56bfc062723c751e8b465ee728b)
Start importing Assets/Art Assets/Ground/Ground_16.asset using Guid(0e8ca76d06cd9aa4bbfb6e98693d0f28) Importer(815301076,1909f56bfc062723c751e8b465ee728b)  -> (artifact id: '05d67f41e4bcbd2b6eee5e7b61be3360') in 0.026099 seconds 
========================================================================
Received Import Request.
  Time since last request: 0.000061 seconds.
  path: Assets/Art Assets/Ground/Ground_17.asset
  artifactKey: Guid(6f02c1b39ec159343b5373c4e5116243) Importer(815301076,1909f56bfc062723c751e8b465ee728b)
Start importing Assets/Art Assets/Ground/Ground_17.asset using Guid(6f02c1b39ec159343b5373c4e5116243) Importer(815301076,1909f56bfc062723c751e8b465ee728b)  -> (artifact id: '45dd068366708a0376ad40efd4434edd') in 0.020591 seconds 
Editor requested this worker to shutdown with reason: Scaling down because of idle timeout
AssetImportWorker is now disconnected from the server
Process exiting
Exiting without the bug reporter. Application will terminate with return code 0