Using pre-set license
Built from '2021.3/staging' branch; Version is '2021.3.22f1 (b6c551784ba3) revision 11978065'; Using compiler version '192829333'; Build Type 'Release'
OS: 'Windows 11  (10.0.22621) 64bit CoreSingleLanguage' Language: 'en' Physical Memory: 32531 MB
BatchMode: 1, IsHumanControllingUs: 0, StartBugReporterOnCrash: 0, Is64bit: 1, IsPro: 1

COMMAND LINE ARGUMENTS:
C:\Program Files\Unity\Hub\Editor\2021.3.22f1\Editor\Unity.exe
-adb2
-batchMode
-noUpm
-name
AssetImportWorker2
-projectPath
D:/UnitySchoolGames/IbarrasQuest
-logFile
Logs/AssetImportWorker2.log
-srvPort
61571
Successfully changed project path to: D:/UnitySchoolGames/IbarrasQuest
D:/UnitySchoolGames/IbarrasQuest
[UnityMemory] Configuration Parameters - Can be set up in boot.config
    "memorysetup-bucket-allocator-granularity=16"
    "memorysetup-bucket-allocator-bucket-count=8"
    "memorysetup-bucket-allocator-block-size=33554432"
    "memorysetup-bucket-allocator-block-count=8"
    "memorysetup-main-allocator-block-size=16777216"
    "memorysetup-thread-allocator-block-size=16777216"
    "memorysetup-gfx-main-allocator-block-size=16777216"
    "memorysetup-gfx-thread-allocator-block-size=16777216"
    "memorysetup-cache-allocator-block-size=4194304"
    "memorysetup-typetree-allocator-block-size=2097152"
    "memorysetup-profiler-bucket-allocator-granularity=16"
    "memorysetup-profiler-bucket-allocator-bucket-count=8"
    "memorysetup-profiler-bucket-allocator-block-size=33554432"
    "memorysetup-profiler-bucket-allocator-block-count=8"
    "memorysetup-profiler-allocator-block-size=16777216"
    "memorysetup-profiler-editor-allocator-block-size=1048576"
    "memorysetup-temp-allocator-size-main=16777216"
    "memorysetup-job-temp-allocator-block-size=2097152"
    "memorysetup-job-temp-allocator-block-size-background=1048576"
    "memorysetup-job-temp-allocator-reduction-small-platforms=262144"
    "memorysetup-temp-allocator-size-background-worker=32768"
    "memorysetup-temp-allocator-size-job-worker=262144"
    "memorysetup-temp-allocator-size-preload-manager=33554432"
    "memorysetup-temp-allocator-size-nav-mesh-worker=65536"
    "memorysetup-temp-allocator-size-audio-worker=65536"
    "memorysetup-temp-allocator-size-cloud-worker=32768"
    "memorysetup-temp-allocator-size-gi-baking-worker=262144"
    "memorysetup-temp-allocator-size-gfx=262144"
Player connection [20680] Host "[IP] 192.168.254.130 [Port] 0 [Flags] 2 [Guid] 1652589621 [EditorId] 1652589621 [Version] 1048832 [Id] WindowsEditor(7,LAPTOP-FJ2G8F9M) [Debug] 1 [PackageName] WindowsEditor [ProjectName] Editor" joined multi-casting on [225.0.0.222:54997]...

Player connection [20680] Host "[IP] 192.168.254.130 [Port] 0 [Flags] 2 [Guid] 1652589621 [EditorId] 1652589621 [Version] 1048832 [Id] WindowsEditor(7,LAPTOP-FJ2G8F9M) [Debug] 1 [PackageName] WindowsEditor [ProjectName] Editor" joined alternative multi-casting on [225.0.0.222:34997]...

Refreshing native plugins compatible for Editor in 238.29 ms, found 4 plugins.
Preloading 0 native plugins for Editor in 0.00 ms.
Initialize engine version: 2021.3.22f1 (b6c551784ba3)
[Subsystems] Discovering subsystems at path C:/Program Files/Unity/Hub/Editor/2021.3.22f1/Editor/Data/Resources/UnitySubsystems
[Subsystems] Discovering subsystems at path D:/UnitySchoolGames/IbarrasQuest/Assets
GfxDevice: creating device client; threaded=0; jobified=0
Direct3D:
    Version:  Direct3D 11.0 [level 11.1]
    Renderer: NVIDIA GeForce RTX 3060 Laptop GPU (ID=0x2520)
    Vendor:   NVIDIA
    VRAM:     6009 MB
    Driver:   31.0.15.3141
Initialize mono
Mono path[0] = 'C:/Program Files/Unity/Hub/Editor/2021.3.22f1/Editor/Data/Managed'
Mono path[1] = 'C:/Program Files/Unity/Hub/Editor/2021.3.22f1/Editor/Data/MonoBleedingEdge/lib/mono/unityjit-win32'
Mono config path = 'C:/Program Files/Unity/Hub/Editor/2021.3.22f1/Editor/Data/MonoBleedingEdge/etc'
Using monoOptions --debugger-agent=transport=dt_socket,embedding=1,server=y,suspend=n,address=127.0.0.1:56036
Begin MonoManager ReloadAssembly
Registering precompiled unity dll's ...
Register platform support module: C:/Program Files/Unity/Hub/Editor/2021.3.22f1/Editor/Data/PlaybackEngines/AndroidPlayer/UnityEditor.Android.Extensions.dll
Register platform support module: C:/Program Files/Unity/Hub/Editor/2021.3.22f1/Editor/Data/PlaybackEngines/WindowsStandaloneSupport/UnityEditor.WindowsStandalone.Extensions.dll
Registered in 0.012576 seconds.
Native extension for WindowsStandalone target not found
Native extension for Android target not found
Android Extension - Scanning For ADB Devices 619 ms
Refreshing native plugins compatible for Editor in 184.35 ms, found 4 plugins.
Preloading 0 native plugins for Editor in 0.00 ms.
Mono: successfully reloaded assembly
- Completed reload, in  1.942 seconds
Domain Reload Profiling:
	ReloadAssembly (1943ms)
		BeginReloadAssembly (203ms)
			ExecutionOrderSort (0ms)
			DisableScriptedObjects (0ms)
			BackupInstance (0ms)
			ReleaseScriptingObjects (0ms)
			CreateAndSetChildDomain (2ms)
		EndReloadAssembly (1539ms)
			LoadAssemblies (198ms)
			RebuildTransferFunctionScriptingTraits (0ms)
			SetupTypeCache (202ms)
			ReleaseScriptCaches (0ms)
			RebuildScriptCaches (59ms)
			SetupLoadedEditorAssemblies (1181ms)
				LogAssemblyErrors (0ms)
				InitializePlatformSupportModulesInManaged (733ms)
				SetLoadedEditorAssemblies (0ms)
				RefreshPlugins (184ms)
				BeforeProcessingInitializeOnLoad (3ms)
				ProcessInitializeOnLoadAttributes (177ms)
				ProcessInitializeOnLoadMethodAttributes (83ms)
				AfterProcessingInitializeOnLoad (0ms)
				EditorAssembliesLoaded (0ms)
			ExecutionOrderSort2 (0ms)
			AwakeInstancesAfterBackupRestoration (0ms)
Platform modules already initialized, skipping
Registering precompiled user dll's ...
Registered in 0.009170 seconds.
Begin MonoManager ReloadAssembly
Symbol file LoadedFromMemory doesn't match image D:\UnitySchoolGames\IbarrasQuest\Library\PackageCache\com.unity.visualscripting@1.8.0\Editor\VisualScripting.Core\Dependencies\YamlDotNet\Unity.VisualScripting.YamlDotNet.dll
Symbol file LoadedFromMemory doesn't match image D:\UnitySchoolGames\IbarrasQuest\Library\PackageCache\com.unity.visualscripting@1.8.0\Editor\VisualScripting.Core\Dependencies\DotNetZip\Unity.VisualScripting.IonicZip.dll
Native extension for WindowsStandalone target not found
Native extension for Android target not found
Refreshing native plugins compatible for Editor in 158.28 ms, found 4 plugins.
Preloading 0 native plugins for Editor in 0.00 ms.
Mono: successfully reloaded assembly
- Completed reload, in  2.050 seconds
Domain Reload Profiling:
	ReloadAssembly (2052ms)
		BeginReloadAssembly (255ms)
			ExecutionOrderSort (0ms)
			DisableScriptedObjects (10ms)
			BackupInstance (0ms)
			ReleaseScriptingObjects (1ms)
			CreateAndSetChildDomain (46ms)
		EndReloadAssembly (1581ms)
			LoadAssemblies (209ms)
			RebuildTransferFunctionScriptingTraits (0ms)
			SetupTypeCache (429ms)
			ReleaseScriptCaches (1ms)
			RebuildScriptCaches (112ms)
			SetupLoadedEditorAssemblies (797ms)
				LogAssemblyErrors (0ms)
				InitializePlatformSupportModulesInManaged (28ms)
				SetLoadedEditorAssemblies (0ms)
				RefreshPlugins (158ms)
				BeforeProcessingInitializeOnLoad (158ms)
				ProcessInitializeOnLoadAttributes (375ms)
				ProcessInitializeOnLoadMethodAttributes (68ms)
				AfterProcessingInitializeOnLoad (10ms)
				EditorAssembliesLoaded (0ms)
			ExecutionOrderSort2 (0ms)
			AwakeInstancesAfterBackupRestoration (10ms)
Platform modules already initialized, skipping
========================================================================
Worker process is ready to serve import requests
Launched and connected shader compiler UnityShaderCompiler.exe after 0.14 seconds
Refreshing native plugins compatible for Editor in 1.47 ms, found 4 plugins.
Preloading 0 native plugins for Editor in 0.00 ms.
Unloading 3787 Unused Serialized files (Serialized files now loaded: 0)
Unloading 41 unused Assets / (228.8 KB). Loaded Objects now: 4244.
Memory consumption went from 146.2 MB to 146.0 MB.
Total: 5.867200 ms (FindLiveObjects: 0.580400 ms CreateObjectMapping: 0.459700 ms MarkObjects: 4.410300 ms  DeleteObjects: 0.413900 ms)

AssetImportParameters requested are different than current active one (requested -> active):
  custom:video-decoder-ogg-theora: a1e56fd34408186e4bbccfd4996cb3dc -> 
  custom:container-muxer-webm: aa71ff27fc2769a1b78a27578f13a17b -> 
  custom:container-demuxer-webm: 4f35f7cbe854078d1ac9338744f61a02 -> 
  custom:video-encoder-webm-vp8: eb34c28f22e8b96e1ab97ce403110664 -> 
  custom:audio-encoder-webm-vorbis: bf7c407c2cedff20999df2af8eb42d56 -> 
  custom:framework-win-MediaFoundation: 216162199b28c13a410421893ffa2e32 -> 
  custom:container-demuxer-ogg: 62fdf1f143b41e24485cea50d1cbac27 -> 
  custom:video-decoder-webm-vp8: 9c59270c3fd7afecdb556c50c9e8de78 -> 
  custom:audio-decoder-ogg-vorbis: bf7c407c2cedff20999df2af8eb42d56 -> 
========================================================================
Received Import Request.
  Time since last request: 618388.499343 seconds.
  path: Assets/Art Assets/sheet.png
  artifactKey: Guid(83a8caa5617774a43bff15f83464207c) Importer(815301076,1909f56bfc062723c751e8b465ee728b)
Start importing Assets/Art Assets/sheet.png using Guid(83a8caa5617774a43bff15f83464207c) Importer(815301076,1909f56bfc062723c751e8b465ee728b)  -> (artifact id: 'f31d20aa5580ef9b715476e2c79dcd9c') in 0.204064 seconds 
========================================================================
Received Import Request.
  Time since last request: 14.480021 seconds.
  path: Assets/Art Assets/Ground(2).png
  artifactKey: Guid(83a8caa5617774a43bff15f83464207c) Importer(815301076,1909f56bfc062723c751e8b465ee728b)
Start importing Assets/Art Assets/Ground(2).png using Guid(83a8caa5617774a43bff15f83464207c) Importer(815301076,1909f56bfc062723c751e8b465ee728b)  -> (artifact id: '7b1f8c43b01b71e480c96a2d9f1859ed') in 0.034535 seconds 
========================================================================
Received Import Request.
  Time since last request: 21.194930 seconds.
  path: Assets/Art Assets/Ground(2).png
  artifactKey: Guid(83a8caa5617774a43bff15f83464207c) Importer(815301076,1909f56bfc062723c751e8b465ee728b)
Start importing Assets/Art Assets/Ground(2).png using Guid(83a8caa5617774a43bff15f83464207c) Importer(815301076,1909f56bfc062723c751e8b465ee728b)  -> (artifact id: '1154de444abb08b81c43a8b4ef1ac317') in 0.025231 seconds 
========================================================================
Received Import Request.
  Time since last request: 11.903151 seconds.
  path: Assets/Art Assets/Ground(2).png
  artifactKey: Guid(83a8caa5617774a43bff15f83464207c) Importer(815301076,1909f56bfc062723c751e8b465ee728b)
Start importing Assets/Art Assets/Ground(2).png using Guid(83a8caa5617774a43bff15f83464207c) Importer(815301076,1909f56bfc062723c751e8b465ee728b)  -> (artifact id: 'b4f3f73f0704782763137eccd8ffe8f6') in 0.300604 seconds 
========================================================================
Received Import Request.
  Time since last request: 385.155638 seconds.
  path: Assets/Art Assets/house.png
  artifactKey: Guid(cc99efd2269df1b498ad0d9d26dcfd56) Importer(815301076,1909f56bfc062723c751e8b465ee728b)
Start importing Assets/Art Assets/house.png using Guid(cc99efd2269df1b498ad0d9d26dcfd56) Importer(815301076,1909f56bfc062723c751e8b465ee728b)  -> (artifact id: '263114f0036e37557250b0e8e1bb2765') in 0.048961 seconds 
========================================================================
Received Import Request.
  Time since last request: 0.000054 seconds.
  path: Assets/Art Assets/house3.png
  artifactKey: Guid(c5ce16fce460f7b498a79d4be54ce02e) Importer(815301076,1909f56bfc062723c751e8b465ee728b)
Start importing Assets/Art Assets/house3.png using Guid(c5ce16fce460f7b498a79d4be54ce02e) Importer(815301076,1909f56bfc062723c751e8b465ee728b)  -> (artifact id: 'dc869208730060dced3c6d3fce04d9b0') in 0.028429 seconds 
========================================================================
Received Import Request.
  Time since last request: 21.268426 seconds.
  path: Assets/Art Assets/house.png
  artifactKey: Guid(cc99efd2269df1b498ad0d9d26dcfd56) Importer(815301076,1909f56bfc062723c751e8b465ee728b)
Start importing Assets/Art Assets/house.png using Guid(cc99efd2269df1b498ad0d9d26dcfd56) Importer(815301076,1909f56bfc062723c751e8b465ee728b)  -> (artifact id: '060121b338157baef0349d28a511e491') in 0.022120 seconds 
========================================================================
Received Import Request.
  Time since last request: 95.867643 seconds.
  path: Assets/Art Assets/house.png
  artifactKey: Guid(cc99efd2269df1b498ad0d9d26dcfd56) Importer(815301076,1909f56bfc062723c751e8b465ee728b)
Start importing Assets/Art Assets/house.png using Guid(cc99efd2269df1b498ad0d9d26dcfd56) Importer(815301076,1909f56bfc062723c751e8b465ee728b)  -> (artifact id: '6effda6d41824928024507e6cc99bb00') in 0.043417 seconds 
========================================================================
Received Import Request.
  Time since last request: 25.694292 seconds.
  path: Assets/Art Assets/house2.png
  artifactKey: Guid(4ea961a301d12d343bdca0e1007e49db) Importer(815301076,1909f56bfc062723c751e8b465ee728b)
Start importing Assets/Art Assets/house2.png using Guid(4ea961a301d12d343bdca0e1007e49db) Importer(815301076,1909f56bfc062723c751e8b465ee728b)  -> (artifact id: '2423bd87a10a914fda387cc019e79213') in 0.029687 seconds 
========================================================================
Received Import Request.
  Time since last request: 6.282181 seconds.
  path: Assets/Art Assets/house2.png
  artifactKey: Guid(4ea961a301d12d343bdca0e1007e49db) Importer(815301076,1909f56bfc062723c751e8b465ee728b)
Start importing Assets/Art Assets/house2.png using Guid(4ea961a301d12d343bdca0e1007e49db) Importer(815301076,1909f56bfc062723c751e8b465ee728b)  -> (artifact id: 'a808c47b3d746a66715dfef82f1d2311') in 0.029166 seconds 
========================================================================
Received Import Request.
  Time since last request: 16.566837 seconds.
  path: Assets/Art Assets/house3.png
  artifactKey: Guid(c5ce16fce460f7b498a79d4be54ce02e) Importer(815301076,1909f56bfc062723c751e8b465ee728b)
Start importing Assets/Art Assets/house3.png using Guid(c5ce16fce460f7b498a79d4be54ce02e) Importer(815301076,1909f56bfc062723c751e8b465ee728b)  -> (artifact id: '7b3ec4d4fb67c8d98399e93697245271') in 0.024717 seconds 
========================================================================
Received Import Request.
  Time since last request: 20.198046 seconds.
  path: Assets/Art Assets/Houses/house.asset
  artifactKey: Guid(e20ee599a7cdc5140b3a7e16211c4881) Importer(815301076,1909f56bfc062723c751e8b465ee728b)
Start importing Assets/Art Assets/Houses/house.asset using Guid(e20ee599a7cdc5140b3a7e16211c4881) Importer(815301076,1909f56bfc062723c751e8b465ee728b)  -> (artifact id: '0667703e18dfa17c0ff618d1af0d9051') in 0.052251 seconds 
========================================================================
Received Import Request.
  Time since last request: 0.000048 seconds.
  path: Assets/Art Assets/Houses/Houses (Art).prefab
  artifactKey: Guid(e3fb470cf4cc2cb408696328736e9654) Importer(815301076,1909f56bfc062723c751e8b465ee728b)
Start importing Assets/Art Assets/Houses/Houses (Art).prefab using Guid(e3fb470cf4cc2cb408696328736e9654) Importer(815301076,1909f56bfc062723c751e8b465ee728b)  -> (artifact id: '240a43192030a6d2b75fa9d062144dcc') in 0.102560 seconds 
========================================================================
Received Import Request.
  Time since last request: 697.366165 seconds.
  path: Assets/Art Assets/10.png
  artifactKey: Guid(2088dd304268e7e45adbe5f758c59355) Importer(815301076,1909f56bfc062723c751e8b465ee728b)
Start importing Assets/Art Assets/10.png using Guid(2088dd304268e7e45adbe5f758c59355) Importer(815301076,1909f56bfc062723c751e8b465ee728b)  -> (artifact id: '7bf9202f39f50ee67e59941a33a66ebd') in 0.046605 seconds 
========================================================================
Received Import Request.
  Time since last request: 36.997468 seconds.
  path: Assets/Art Assets/Mountain.png
  artifactKey: Guid(2088dd304268e7e45adbe5f758c59355) Importer(815301076,1909f56bfc062723c751e8b465ee728b)
Start importing Assets/Art Assets/Mountain.png using Guid(2088dd304268e7e45adbe5f758c59355) Importer(815301076,1909f56bfc062723c751e8b465ee728b)  -> (artifact id: '5a89ad57dd8b0d4104dc2c0e3a53d6a7') in 0.036505 seconds 
========================================================================
Received Import Request.
  Time since last request: 8.645216 seconds.
  path: Assets/Art Assets/Mountain.png
  artifactKey: Guid(2088dd304268e7e45adbe5f758c59355) Importer(815301076,1909f56bfc062723c751e8b465ee728b)
Start importing Assets/Art Assets/Mountain.png using Guid(2088dd304268e7e45adbe5f758c59355) Importer(815301076,1909f56bfc062723c751e8b465ee728b)  -> (artifact id: 'e5da825f1d58d5b2e30e0b1a420466e4') in 0.022958 seconds 
========================================================================
Received Import Request.
  Time since last request: 7.661933 seconds.
  path: Assets/Art Assets/Mountain.png
  artifactKey: Guid(2088dd304268e7e45adbe5f758c59355) Importer(815301076,1909f56bfc062723c751e8b465ee728b)
Start importing Assets/Art Assets/Mountain.png using Guid(2088dd304268e7e45adbe5f758c59355) Importer(815301076,1909f56bfc062723c751e8b465ee728b)  -> (artifact id: '07caae7cd4dd3bef53552d153baeb48d') in 0.167502 seconds 
========================================================================
Received Import Request.
  Time since last request: 6.981869 seconds.
  path: Assets/Art Assets/Mountain.png
  artifactKey: Guid(2088dd304268e7e45adbe5f758c59355) Importer(815301076,1909f56bfc062723c751e8b465ee728b)
Start importing Assets/Art Assets/Mountain.png using Guid(2088dd304268e7e45adbe5f758c59355) Importer(815301076,1909f56bfc062723c751e8b465ee728b)  -> (artifact id: '9ef05480d2fb21126bc706532945e7da') in 0.135504 seconds 
========================================================================
Received Import Request.
  Time since last request: 1197.855813 seconds.
  path: Assets/Art Assets/plant repack.png
  artifactKey: Guid(28c90da3e09bebc4a8fb47602198155a) Importer(815301076,1909f56bfc062723c751e8b465ee728b)
Start importing Assets/Art Assets/plant repack.png using Guid(28c90da3e09bebc4a8fb47602198155a) Importer(815301076,1909f56bfc062723c751e8b465ee728b)  -> (artifact id: '8324356cf2e15d9c17d14668edf942b3') in 0.054071 seconds 
========================================================================
Received Import Request.
  Time since last request: 10.547641 seconds.
  path: Assets/Art Assets/Trees and Grass.png
  artifactKey: Guid(28c90da3e09bebc4a8fb47602198155a) Importer(815301076,1909f56bfc062723c751e8b465ee728b)
Start importing Assets/Art Assets/Trees and Grass.png using Guid(28c90da3e09bebc4a8fb47602198155a) Importer(815301076,1909f56bfc062723c751e8b465ee728b)  -> (artifact id: 'd6c88a18484a54dbf6bb149b46ca7570') in 0.040010 seconds 
========================================================================
Received Import Request.
  Time since last request: 15.705543 seconds.
  path: Assets/Art Assets/Trees and Grass.png
  artifactKey: Guid(28c90da3e09bebc4a8fb47602198155a) Importer(815301076,1909f56bfc062723c751e8b465ee728b)
Start importing Assets/Art Assets/Trees and Grass.png using Guid(28c90da3e09bebc4a8fb47602198155a) Importer(815301076,1909f56bfc062723c751e8b465ee728b)  -> (artifact id: 'a475dc5f20e1d598cd81f88da9aa8f88') in 0.022416 seconds 
========================================================================
Received Import Request.
  Time since last request: 194.091695 seconds.
  path: Assets/Art Assets/conifers.png
  artifactKey: Guid(0affb701d8d458a49b58a781ef6d56ec) Importer(815301076,1909f56bfc062723c751e8b465ee728b)
Start importing Assets/Art Assets/conifers.png using Guid(0affb701d8d458a49b58a781ef6d56ec) Importer(815301076,1909f56bfc062723c751e8b465ee728b)  -> (artifact id: '75f7ab52afb3e7f87c9559be7248784e') in 0.061387 seconds 
========================================================================
Received Import Request.
  Time since last request: 5.924850 seconds.
  path: Assets/Art Assets/Trees.png
  artifactKey: Guid(0affb701d8d458a49b58a781ef6d56ec) Importer(815301076,1909f56bfc062723c751e8b465ee728b)
Start importing Assets/Art Assets/Trees.png using Guid(0affb701d8d458a49b58a781ef6d56ec) Importer(815301076,1909f56bfc062723c751e8b465ee728b)  -> (artifact id: 'ba3ebca9331104a2ed1cc6633ad78aa5') in 0.056195 seconds 
========================================================================
Received Import Request.
  Time since last request: 17.534923 seconds.
  path: Assets/Art Assets/Trees.png
  artifactKey: Guid(0affb701d8d458a49b58a781ef6d56ec) Importer(815301076,1909f56bfc062723c751e8b465ee728b)
Start importing Assets/Art Assets/Trees.png using Guid(0affb701d8d458a49b58a781ef6d56ec) Importer(815301076,1909f56bfc062723c751e8b465ee728b)  -> (artifact id: 'e182bf15fe144523b93274d62928ad80') in 0.021816 seconds 
========================================================================
Received Import Request.
  Time since last request: 29.280738 seconds.
  path: Assets/Art Assets/Trees.png
  artifactKey: Guid(0affb701d8d458a49b58a781ef6d56ec) Importer(815301076,1909f56bfc062723c751e8b465ee728b)
Start importing Assets/Art Assets/Trees.png using Guid(0affb701d8d458a49b58a781ef6d56ec) Importer(815301076,1909f56bfc062723c751e8b465ee728b)  -> (artifact id: '6c7de559189b27ceb624e021bdd44c13') in 0.901382 seconds 
========================================================================
Received Import Request.
  Time since last request: 181.829490 seconds.
  path: Assets/Art Assets/9.png
  artifactKey: Guid(cac92f14c8077dd4e8afa68b2beea2fe) Importer(815301076,1909f56bfc062723c751e8b465ee728b)
Start importing Assets/Art Assets/9.png using Guid(cac92f14c8077dd4e8afa68b2beea2fe) Importer(815301076,1909f56bfc062723c751e8b465ee728b)  -> (artifact id: 'd58da9c0c808df98c22d3123a07ad0a8') in 0.039236 seconds 
========================================================================
Received Import Request.
  Time since last request: 9.854415 seconds.
  path: Assets/Art Assets/Trees/Trees (Art).prefab
  artifactKey: Guid(05d9201766304d34ca37455bc7b0441f) Importer(815301076,1909f56bfc062723c751e8b465ee728b)
Start importing Assets/Art Assets/Trees/Trees (Art).prefab using Guid(05d9201766304d34ca37455bc7b0441f) Importer(815301076,1909f56bfc062723c751e8b465ee728b)  -> (artifact id: '9afe8c2f8f6d426558789ae7ecf1a3ea') in 0.188718 seconds 
========================================================================
Received Import Request.
  Time since last request: 0.000031 seconds.
  path: Assets/Art Assets/Trees/Trees_24.asset
  artifactKey: Guid(65278d111d90ce24188ea9b258b6e6e0) Importer(815301076,1909f56bfc062723c751e8b465ee728b)
Start importing Assets/Art Assets/Trees/Trees_24.asset using Guid(65278d111d90ce24188ea9b258b6e6e0) Importer(815301076,1909f56bfc062723c751e8b465ee728b)  -> (artifact id: '90135efe37561a0930b85cdebbb90925') in 0.015745 seconds 
========================================================================
Received Import Request.
  Time since last request: 0.000058 seconds.
  path: Assets/Art Assets/Trees/Trees_23.asset
  artifactKey: Guid(a45f4423d27069e448ecde16b2914301) Importer(815301076,1909f56bfc062723c751e8b465ee728b)
Start importing Assets/Art Assets/Trees/Trees_23.asset using Guid(a45f4423d27069e448ecde16b2914301) Importer(815301076,1909f56bfc062723c751e8b465ee728b)  -> (artifact id: '2c02093cec0d6b38e295293145329e49') in 0.019342 seconds 
========================================================================
Received Import Request.
  Time since last request: 0.000034 seconds.
  path: Assets/Art Assets/Trees/Trees_26.asset
  artifactKey: Guid(8078b456805f129458a3f3243769bf7a) Importer(815301076,1909f56bfc062723c751e8b465ee728b)
Start importing Assets/Art Assets/Trees/Trees_26.asset using Guid(8078b456805f129458a3f3243769bf7a) Importer(815301076,1909f56bfc062723c751e8b465ee728b)  -> (artifact id: '515344b3d5054f43019eb688c4065efb') in 0.013245 seconds 
========================================================================
Received Import Request.
  Time since last request: 0.000022 seconds.
  path: Assets/Art Assets/Trees/Trees_5.asset
  artifactKey: Guid(18f5378680122944f878d5b71faf3bcb) Importer(815301076,1909f56bfc062723c751e8b465ee728b)
Start importing Assets/Art Assets/Trees/Trees_5.asset using Guid(18f5378680122944f878d5b71faf3bcb) Importer(815301076,1909f56bfc062723c751e8b465ee728b)  -> (artifact id: 'd10c772be219ff6a2341122726aef709') in 0.012776 seconds 
========================================================================
Received Import Request.
  Time since last request: 0.000026 seconds.
  path: Assets/Art Assets/Trees/Trees_1.asset
  artifactKey: Guid(4c9044d52d7d0544da7b440604892c47) Importer(815301076,1909f56bfc062723c751e8b465ee728b)
Start importing Assets/Art Assets/Trees/Trees_1.asset using Guid(4c9044d52d7d0544da7b440604892c47) Importer(815301076,1909f56bfc062723c751e8b465ee728b)  -> (artifact id: 'bc78ec9471282c3c0b5c5bd3019fcf6a') in 0.015779 seconds 
========================================================================
Received Import Request.
  Time since last request: 0.000043 seconds.
  path: Assets/Art Assets/Trees/Trees_36.asset
  artifactKey: Guid(616dd9e0fd8d7d946a576686047178b8) Importer(815301076,1909f56bfc062723c751e8b465ee728b)
Start importing Assets/Art Assets/Trees/Trees_36.asset using Guid(616dd9e0fd8d7d946a576686047178b8) Importer(815301076,1909f56bfc062723c751e8b465ee728b)  -> (artifact id: '5333ce5cd817e1d2a5cee7196c8c0590') in 0.011056 seconds 
========================================================================
Received Import Request.
  Time since last request: 0.000022 seconds.
  path: Assets/Art Assets/Trees/Trees_33.asset
  artifactKey: Guid(3a8dbce59bbc5724aba21180189d2697) Importer(815301076,1909f56bfc062723c751e8b465ee728b)
Start importing Assets/Art Assets/Trees/Trees_33.asset using Guid(3a8dbce59bbc5724aba21180189d2697) Importer(815301076,1909f56bfc062723c751e8b465ee728b)  -> (artifact id: '16718f64de8728748ca62f1870f06e00') in 0.016796 seconds 
========================================================================
Received Import Request.
  Time since last request: 0.000023 seconds.
  path: Assets/Art Assets/Trees/Trees_50.asset
  artifactKey: Guid(5775996732cf46448b4a2c5eeb082189) Importer(815301076,1909f56bfc062723c751e8b465ee728b)
Start importing Assets/Art Assets/Trees/Trees_50.asset using Guid(5775996732cf46448b4a2c5eeb082189) Importer(815301076,1909f56bfc062723c751e8b465ee728b)  -> (artifact id: '638321083f384b28e68f71786362df28') in 0.013448 seconds 
========================================================================
Received Import Request.
  Time since last request: 0.000029 seconds.
  path: Assets/Art Assets/Trees/Trees_47.asset
  artifactKey: Guid(4dbded43d4afcdf4980ef5c52e60c853) Importer(815301076,1909f56bfc062723c751e8b465ee728b)
Start importing Assets/Art Assets/Trees/Trees_47.asset using Guid(4dbded43d4afcdf4980ef5c52e60c853) Importer(815301076,1909f56bfc062723c751e8b465ee728b)  -> (artifact id: '80769a3387669632dda3af9ab3ec7ffe') in 0.013353 seconds 
========================================================================
Received Import Request.
  Time since last request: 0.000052 seconds.
  path: Assets/Art Assets/Trees/Trees_16.asset
  artifactKey: Guid(2783e6c72d23ac449b9bdc9b813cd807) Importer(815301076,1909f56bfc062723c751e8b465ee728b)
Start importing Assets/Art Assets/Trees/Trees_16.asset using Guid(2783e6c72d23ac449b9bdc9b813cd807) Importer(815301076,1909f56bfc062723c751e8b465ee728b)  -> (artifact id: '5c65408fd2e54fa3fdc8d589b6ffb5c5') in 0.010649 seconds 
========================================================================
Received Import Request.
  Time since last request: 0.000063 seconds.
  path: Assets/Art Assets/Trees/Trees_32.asset
  artifactKey: Guid(c1f7c895b80c5844798e16c8e53a198c) Importer(815301076,1909f56bfc062723c751e8b465ee728b)
Start importing Assets/Art Assets/Trees/Trees_32.asset using Guid(c1f7c895b80c5844798e16c8e53a198c) Importer(815301076,1909f56bfc062723c751e8b465ee728b)  -> (artifact id: '6eadb9b41f7b0f27c777c7690570f979') in 0.014550 seconds 
========================================================================
Received Import Request.
  Time since last request: 0.000032 seconds.
  path: Assets/Art Assets/Trees/Trees_48.asset
  artifactKey: Guid(5b3ece76f074fa84aab6035245fd8096) Importer(815301076,1909f56bfc062723c751e8b465ee728b)
Start importing Assets/Art Assets/Trees/Trees_48.asset using Guid(5b3ece76f074fa84aab6035245fd8096) Importer(815301076,1909f56bfc062723c751e8b465ee728b)  -> (artifact id: 'b1c939847168c97f3eb79e41a1c66dcb') in 0.013271 seconds 
========================================================================
Received Import Request.
  Time since last request: 0.000172 seconds.
  path: Assets/Art Assets/Trees/Trees_2.asset
  artifactKey: Guid(1a35b9e6cc446f94fa8cd6f022f394f0) Importer(815301076,1909f56bfc062723c751e8b465ee728b)
Start importing Assets/Art Assets/Trees/Trees_2.asset using Guid(1a35b9e6cc446f94fa8cd6f022f394f0) Importer(815301076,1909f56bfc062723c751e8b465ee728b)  -> (artifact id: 'f17a5b5bcc0f58024d7054a4e0fc3974') in 0.010842 seconds 
========================================================================
Received Import Request.
  Time since last request: 0.000079 seconds.
  path: Assets/Art Assets/Trees/Trees_45.asset
  artifactKey: Guid(3813047e446d9004fa8cd7c9aa28772d) Importer(815301076,1909f56bfc062723c751e8b465ee728b)
Start importing Assets/Art Assets/Trees/Trees_45.asset using Guid(3813047e446d9004fa8cd7c9aa28772d) Importer(815301076,1909f56bfc062723c751e8b465ee728b)  -> (artifact id: '87922f63ada860a38d66ddadae71dff4') in 0.013498 seconds 
========================================================================
Received Import Request.
  Time since last request: 0.000028 seconds.
  path: Assets/Art Assets/Trees/Trees_28.asset
  artifactKey: Guid(b04d7a68a14f7b04ab2a2ca084f5cf0f) Importer(815301076,1909f56bfc062723c751e8b465ee728b)
Start importing Assets/Art Assets/Trees/Trees_28.asset using Guid(b04d7a68a14f7b04ab2a2ca084f5cf0f) Importer(815301076,1909f56bfc062723c751e8b465ee728b)  -> (artifact id: '85dcfcf136f4282a1930b0114e1e4285') in 0.017700 seconds 
========================================================================
Received Import Request.
  Time since last request: 0.000023 seconds.
  path: Assets/Art Assets/Trees/Trees_31.asset
  artifactKey: Guid(e308121dcb08d244f8ef28cd6b3bd894) Importer(815301076,1909f56bfc062723c751e8b465ee728b)
Start importing Assets/Art Assets/Trees/Trees_31.asset using Guid(e308121dcb08d244f8ef28cd6b3bd894) Importer(815301076,1909f56bfc062723c751e8b465ee728b)  -> (artifact id: 'd13597b9bc676dbefa29ce09be15825f') in 0.010009 seconds 
========================================================================
Received Import Request.
  Time since last request: 0.000023 seconds.
  path: Assets/Art Assets/Trees/Trees_39.asset
  artifactKey: Guid(48b528fab8ca149459ef8472089ff23f) Importer(815301076,1909f56bfc062723c751e8b465ee728b)
Start importing Assets/Art Assets/Trees/Trees_39.asset using Guid(48b528fab8ca149459ef8472089ff23f) Importer(815301076,1909f56bfc062723c751e8b465ee728b)  -> (artifact id: 'f62bc03f95a1eac27e20f25d00de387f') in 0.017193 seconds 
========================================================================
Received Import Request.
  Time since last request: 0.000024 seconds.
  path: Assets/Art Assets/Trees/Trees_12.asset
  artifactKey: Guid(bd8dacdc1df2d73459251b2676c5ea03) Importer(815301076,1909f56bfc062723c751e8b465ee728b)
Start importing Assets/Art Assets/Trees/Trees_12.asset using Guid(bd8dacdc1df2d73459251b2676c5ea03) Importer(815301076,1909f56bfc062723c751e8b465ee728b)  -> (artifact id: '11583cadcc8e3a2521d1855b08458fcc') in 0.013238 seconds 
========================================================================
Received Import Request.
  Time since last request: 0.000018 seconds.
  path: Assets/Art Assets/Trees/Trees_15.asset
  artifactKey: Guid(d0a541d3de71e484eb50e33699fdd412) Importer(815301076,1909f56bfc062723c751e8b465ee728b)
Start importing Assets/Art Assets/Trees/Trees_15.asset using Guid(d0a541d3de71e484eb50e33699fdd412) Importer(815301076,1909f56bfc062723c751e8b465ee728b)  -> (artifact id: '4a2c65b10b9f0c5b28376a81ea01bdf1') in 0.009969 seconds 
========================================================================
Received Import Request.
  Time since last request: 0.000020 seconds.
  path: Assets/Art Assets/Trees/Trees_14.asset
  artifactKey: Guid(2df0fd1efde73ec4c92633a7f300bc84) Importer(815301076,1909f56bfc062723c751e8b465ee728b)
Start importing Assets/Art Assets/Trees/Trees_14.asset using Guid(2df0fd1efde73ec4c92633a7f300bc84) Importer(815301076,1909f56bfc062723c751e8b465ee728b)  -> (artifact id: '9653e251386fe0b42b3f07a2e88a9d38') in 0.017525 seconds 
========================================================================
Received Import Request.
  Time since last request: 0.000066 seconds.
  path: Assets/Art Assets/Trees/Trees_9.asset
  artifactKey: Guid(ce2c20fe02979c249b715dc98419a32f) Importer(815301076,1909f56bfc062723c751e8b465ee728b)
Start importing Assets/Art Assets/Trees/Trees_9.asset using Guid(ce2c20fe02979c249b715dc98419a32f) Importer(815301076,1909f56bfc062723c751e8b465ee728b)  -> (artifact id: '8528d7b8f53b8a22dc5d4cb11ed713f1') in 0.014340 seconds 
========================================================================
Received Import Request.
  Time since last request: 0.000034 seconds.
  path: Assets/Art Assets/Trees/Trees_51.asset
  artifactKey: Guid(401a1879b8445824ca6ebb151ffd8fa5) Importer(815301076,1909f56bfc062723c751e8b465ee728b)
Start importing Assets/Art Assets/Trees/Trees_51.asset using Guid(401a1879b8445824ca6ebb151ffd8fa5) Importer(815301076,1909f56bfc062723c751e8b465ee728b)  -> (artifact id: '6ea94e03076997c604485825e3d3bed6') in 0.013821 seconds 
========================================================================
Received Import Request.
  Time since last request: 0.000065 seconds.
  path: Assets/Art Assets/Trees/Trees_41.asset
  artifactKey: Guid(98595634fca276f4d944c5869e723753) Importer(815301076,1909f56bfc062723c751e8b465ee728b)
Start importing Assets/Art Assets/Trees/Trees_41.asset using Guid(98595634fca276f4d944c5869e723753) Importer(815301076,1909f56bfc062723c751e8b465ee728b)  -> (artifact id: '7aadb6ad4c16f0cbd1bf360f2322f3fd') in 0.016879 seconds 
========================================================================
Received Import Request.
  Time since last request: 0.000041 seconds.
  path: Assets/Art Assets/Trees/Trees_49.asset
  artifactKey: Guid(288a51db536df2e4cbc6fa551b2fdad4) Importer(815301076,1909f56bfc062723c751e8b465ee728b)
Start importing Assets/Art Assets/Trees/Trees_49.asset using Guid(288a51db536df2e4cbc6fa551b2fdad4) Importer(815301076,1909f56bfc062723c751e8b465ee728b)  -> (artifact id: 'd786776ff89b50b23db6d2d59bfd6f35') in 0.012771 seconds 
========================================================================
Received Import Request.
  Time since last request: 0.000060 seconds.
  path: Assets/Art Assets/Trees/Trees_6.asset
  artifactKey: Guid(686eb1160261a7a458a495155c9401dc) Importer(815301076,1909f56bfc062723c751e8b465ee728b)
Start importing Assets/Art Assets/Trees/Trees_6.asset using Guid(686eb1160261a7a458a495155c9401dc) Importer(815301076,1909f56bfc062723c751e8b465ee728b)  -> (artifact id: '33861ddd83f158b6b8d1be1a87a29aba') in 0.016992 seconds 
========================================================================
Received Import Request.
  Time since last request: 0.000074 seconds.
  path: Assets/Art Assets/Trees/Trees_7.asset
  artifactKey: Guid(e7867a6cafa907044ba09932095d28f6) Importer(815301076,1909f56bfc062723c751e8b465ee728b)
Start importing Assets/Art Assets/Trees/Trees_7.asset using Guid(e7867a6cafa907044ba09932095d28f6) Importer(815301076,1909f56bfc062723c751e8b465ee728b)  -> (artifact id: 'e7c547d629a7c2079afe016eba972471') in 0.016554 seconds 
========================================================================
Received Import Request.
  Time since last request: 46.763547 seconds.
  path: Assets/Art Assets/Trees.png
  artifactKey: Guid(cac92f14c8077dd4e8afa68b2beea2fe) Importer(815301076,1909f56bfc062723c751e8b465ee728b)
Start importing Assets/Art Assets/Trees.png using Guid(cac92f14c8077dd4e8afa68b2beea2fe) Importer(815301076,1909f56bfc062723c751e8b465ee728b)  -> (artifact id: '29d3651985778f10b7d1b58018a7bf64') in 0.028146 seconds 
========================================================================
Received Import Request.
  Time since last request: 22.574884 seconds.
  path: Assets/Art Assets/Trees.png
  artifactKey: Guid(cac92f14c8077dd4e8afa68b2beea2fe) Importer(815301076,1909f56bfc062723c751e8b465ee728b)
Start importing Assets/Art Assets/Trees.png using Guid(cac92f14c8077dd4e8afa68b2beea2fe) Importer(815301076,1909f56bfc062723c751e8b465ee728b)  -> (artifact id: '880c7ef9b5ddebfc50732f41505b13c6') in 0.018648 seconds 
========================================================================
Received Import Request.
  Time since last request: 5.679629 seconds.
  path: Assets/Art Assets/Trees.png
  artifactKey: Guid(cac92f14c8077dd4e8afa68b2beea2fe) Importer(815301076,1909f56bfc062723c751e8b465ee728b)
Start importing Assets/Art Assets/Trees.png using Guid(cac92f14c8077dd4e8afa68b2beea2fe) Importer(815301076,1909f56bfc062723c751e8b465ee728b)  -> (artifact id: '91e312fdf93f7d8cf8685a9071915856') in 0.191406 seconds 
========================================================================
Received Import Request.
  Time since last request: 285.908130 seconds.
  path: Assets/Art Assets/decorations-medieval.png
  artifactKey: Guid(c2d2b55df0abad44aaf3285eca137c1d) Importer(815301076,1909f56bfc062723c751e8b465ee728b)
Start importing Assets/Art Assets/decorations-medieval.png using Guid(c2d2b55df0abad44aaf3285eca137c1d) Importer(815301076,1909f56bfc062723c751e8b465ee728b)  -> (artifact id: '8ea1dcd1dc6652606ad6aedd22b964ba') in 0.107259 seconds 
========================================================================
Received Import Request.
  Time since last request: 29.289359 seconds.
  path: Assets/Art Assets/Decorations.png
  artifactKey: Guid(c2d2b55df0abad44aaf3285eca137c1d) Importer(815301076,1909f56bfc062723c751e8b465ee728b)
Start importing Assets/Art Assets/Decorations.png using Guid(c2d2b55df0abad44aaf3285eca137c1d) Importer(815301076,1909f56bfc062723c751e8b465ee728b)  -> (artifact id: '1f9ee4def6aa33a88b2f01d5c72e1985') in 0.102197 seconds 
========================================================================
Received Import Request.
  Time since last request: 38.974280 seconds.
  path: Assets/Art Assets/Decorations.png
  artifactKey: Guid(c2d2b55df0abad44aaf3285eca137c1d) Importer(815301076,1909f56bfc062723c751e8b465ee728b)
Start importing Assets/Art Assets/Decorations.png using Guid(c2d2b55df0abad44aaf3285eca137c1d) Importer(815301076,1909f56bfc062723c751e8b465ee728b)  -> (artifact id: '3f7415eb2d0137e74ed445bbf75eea1d') in 0.093440 seconds 
========================================================================
Received Import Request.
  Time since last request: 8.075107 seconds.
  path: Assets/Art Assets/Decorations.png
  artifactKey: Guid(c2d2b55df0abad44aaf3285eca137c1d) Importer(815301076,1909f56bfc062723c751e8b465ee728b)
Start importing Assets/Art Assets/Decorations.png using Guid(c2d2b55df0abad44aaf3285eca137c1d) Importer(815301076,1909f56bfc062723c751e8b465ee728b)  -> (artifact id: '84af8deb5a03f0d69f5ab4e5714aa2df') in 0.026515 seconds 
========================================================================
Received Import Request.
  Time since last request: 14.282268 seconds.
  path: Assets/Art Assets/Decorations.png
  artifactKey: Guid(c2d2b55df0abad44aaf3285eca137c1d) Importer(815301076,1909f56bfc062723c751e8b465ee728b)
Start importing Assets/Art Assets/Decorations.png using Guid(c2d2b55df0abad44aaf3285eca137c1d) Importer(815301076,1909f56bfc062723c751e8b465ee728b)  -> (artifact id: '0f152629350e6b6e9c22015be82df736') in 1.716827 seconds 
